<?xml version="1.0" encoding="UTF-8"?>
<testsuite xmlns:xsi="http://www.w3.org/2001/XMLSchema-instance" xsi:noNamespaceSchemaLocation="https://maven.apache.org/surefire/maven-surefire-plugin/xsd/surefire-test-report-3.0.xsd" version="3.0" name="KetKiralyModellTest" time="0.267" tests="6" errors="0" skipped="0" failures="0">
  <properties>
[...]
</properties>
  <testcase name="get_lehetseges_lepes_test" classname="KetKiralyModellTest" time="0.069"/>
  <testcase name="ha_kiraly_mozog_test" classname="KetKiralyModellTest" time="0.002"/>
  <testcase name="negyzet_allapot_test" classname="KetKiralyModellTest" time="0.006"/>
  <testcase name="random_negyzet_helyes" classname="KetKiralyModellTest" time="0.003"/>
  <testcase name="a_nyeres_helyes" classname="KetKiralyModellTest" time="0.002"/>
  <testcase name="test_lepes_metodus" classname="KetKiralyModellTest" time="0.094">
    <system-err><![CDATA[2023-05-26 21:02:32 [main] modell.KetKiralyModell.lepes()
ERROR: Rossz lépés
2023-05-26 21:02:32 [main] modell.KetKiralyModell.lepes()
ERROR: Rossz lépés
]]></system-err>
  </testcase>
</testsuite>